C:\Users\Asus\Documents\Corel\1STBFLOOR.dwg,Model,3/17/2023 10:59:36 PM,Asus,DWG To PDF.pc3,ISO expand A3 (420.00 x 297.00 MM),1:88.4477,
C:\Users\Asus\Documents\Corel\G1 site layout.dwg,Model,3/17/2023 11:03:12 PM,Asus,DWG To PDF.pc3,ISO expand A3 (420.00 x 297.00 MM),1:703.199,
C:\Users\Asus\Documents\Corel\GROUND FLR G2.dwg,Model,4/17/2023 12:50:15 PM,Asus,DWG To PDF.pc3,ISO expand A3 (420.00 x 297.00 MM),1:131.85,
C:\Users\Asus\Documents\Corel\GROUND FLR G2.dwg,Model,4/17/2023 12:51:15 PM,Asus,DWG To PDF.pc3,ISO expand A3 (420.00 x 297.00 MM),1:87.8999,
C:\Users\Asus\Documents\Corel\GROUND FLR G2.dwg,Model,4/17/2023 12:52:02 PM,Asus,DWG To PDF.pc3,ISO expand A3 (420.00 x 297.00 MM),1:87.8999,
C:\Users\Asus\Documents\Corel\GROUND FLR G2.dwg,Model,4/17/2023 12:52:46 PM,Asus,DWG To PDF.pc3,ISO expand A3 (420.00 x 297.00 MM),1:87.8999,
C:\Users\Asus\Documents\Corel\GROUND FLR G2.dwg,Model,4/17/2023 12:53:28 PM,Asus,DWG To PDF.pc3,ISO expand A3 (420.00 x 297.00 MM),1:87.8999,
C:\Users\Asus\Documents\Corel\GROUND FLR G2.dwg,Model,4/17/2023 12:54:16 PM,Asus,DWG To PDF.pc3,ISO expand A3 (420.00 x 297.00 MM),1:87.8999,
C:\Users\Asus\Documents\Corel\GROUND FLR G2.dwg,Model,4/17/2023 12:55:00 PM,Asus,DWG To PDF.pc3,ISO expand A3 (420.00 x 297.00 MM),1:87.8999,
C:\Users\Asus\Documents\Corel\GROUND FLR G2.dwg,Model,4/17/2023 12:58:47 PM,Asus,DWG To PDF.pc3,ISO expand A3 (420.00 x 297.00 MM),1:744.342,
C:\Users\Asus\Documents\Corel\GROUND FLR G2.dwg,Model,4/17/2023 1:23:10 PM,Asus,DWG To PDF.pc3,ISO expand A3 (420.00 x 297.00 MM),1:744.342,
C:\Users\Asus\Documents\Corel\GROUND FLR G2.dwg,Model,4/17/2023 1:24:03 PM,Asus,DWG To PDF.pc3,ISO expand A3 (420.00 x 297.00 MM),1:131.85,
C:\Users\Asus\Documents\Corel\GROUND FLR G2.dwg,Model,4/17/2023 1:24:50 PM,Asus,DWG To PDF.pc3,ISO expand A3 (420.00 x 297.00 MM),1:87.8999,
C:\Users\Asus\Documents\Corel\GROUND FLR G2.dwg,Model,4/17/2023 1:25:36 PM,Asus,DWG To PDF.pc3,ISO expand A3 (420.00 x 297.00 MM),1:87.8999,
C:\Users\Asus\Documents\Corel\GROUND FLR G2.dwg,Model,4/17/2023 1:27:43 PM,Asus,DWG To PDF.pc3,ISO expand A3 (420.00 x 297.00 MM),1:87.8999,
C:\Users\Asus\Documents\Corel\GROUND FLR G2.dwg,Model,4/17/2023 1:28:26 PM,Asus,DWG To PDF.pc3,ISO expand A3 (420.00 x 297.00 MM),1:87.8999,
C:\Users\Asus\Documents\Corel\GROUND FLR G2.dwg,Model,4/17/2023 1:29:05 PM,Asus,DWG To PDF.pc3,ISO expand A3 (420.00 x 297.00 MM),1:87.8999,
C:\Users\Asus\Documents\Corel\GROUND FLR G2.dwg,Model,4/17/2023 1:29:57 PM,Asus,DWG To PDF.pc3,ISO expand A3 (420.00 x 297.00 MM),1:87.8999,
C:\Users\Asus\Documents\Corel\GROUND FLR G2.dwg,Model,4/17/2023 1:31:54 PM,Asus,DWG To PDF.pc3,ISO expand A3 (420.00 x 297.00 MM),1:126.576,
C:\Users\Asus\Documents\Corel\GROUND FLR G2.dwg,Model,4/17/2023 1:32:49 PM,Asus,DWG To PDF.pc3,ISO expand A3 (420.00 x 297.00 MM),1:126.576,
C:\Users\Asus\Documents\Corel\GROUND FLR G2.dwg,Model,4/17/2023 1:33:35 PM,Asus,DWG To PDF.pc3,ISO expand A3 (420.00 x 297.00 MM),1:126.576,
C:\Users\Asus\Documents\Corel\GROUND FLR G2.dwg,Model,4/17/2023 1:34:14 PM,Asus,DWG To PDF.pc3,ISO expand A3 (420.00 x 297.00 MM),1:126.576,
C:\Users\Asus\Documents\Corel\GROUND FLR G2.dwg,Model,4/17/2023 1:35:06 PM,Asus,DWG To PDF.pc3,ISO expand A3 (420.00 x 297.00 MM),1:126.576,
C:\Users\Asus\Documents\Corel\GROUND FLR G2.dwg,Model,4/17/2023 1:35:54 PM,Asus,DWG To PDF.pc3,ISO expand A3 (420.00 x 297.00 MM),1:126.576,
C:\Users\Asus\Documents\Corel\GROUND FLR G2.dwg,Model,4/17/2023 1:36:41 PM,Asus,DWG To PDF.pc3,ISO expand A3 (420.00 x 297.00 MM),1:126.576,
C:\Users\Asus\Documents\Corel\site layout 4030.dwg,Model,4/23/2023 9:57:04 PM,Asus,DWG To PDF.pc3,ISO expand A3 (420.00 x 297.00 MM),1:744.342,
C:\Users\Asus\Documents\Corel\site layout 4030.dwg,Model,4/23/2023 9:58:14 PM,Asus,DWG To PDF.pc3,ISO expand A3 (420.00 x 297.00 MM),1:744.342,
C:\Users\Asus\Documents\Corel\site layout 4030.dwg,Model,4/25/2023 6:17:08 PM,Asus,DWG To PDF.pc3,ISO expand A3 (420.00 x 297.00 MM),1:744.342,
C:\Users\Asus\Documents\Corel\site layout 4030.dwg,Model,4/27/2023 12:32:14 AM,Asus,DWG To PDF.pc3,ISO expand A3 (420.00 x 297.00 MM),1:744.342,
C:\Users\Asus\Documents\Corel\site layout 4030.dwg,Model,4/27/2023 12:32:56 AM,Asus,DWG To PDF.pc3,ISO expand A3 (420.00 x 297.00 MM),1:744.342,
